#
# A fatal error has been detected by the Java Runtime Environment:
#
#  SIGSEGV (0xb) at pc=0x0000000000000000, pid=3803, tid=0x0000000000011607
#
# JRE version: OpenJDK Runtime Environment (8.0_152-b01) (build 1.8.0_152-release-1343-b01)
# Java VM: OpenJDK 64-Bit Server VM (25.152-b01 mixed mode bsd-amd64 compressed oops)
# Problematic frame:
# C  0x0000000000000000
#
# Failed to write core dump. Core dumps have been disabled. To enable core dumping, try "ulimit -c unlimited" before starting Java again
#
# If you would like to submit a bug report, please visit:
#   http://bugreport.java.com/bugreport/crash.jsp
#

---------------  T H R E A D  ---------------

Current thread is native thread

siginfo: si_signo: 11 (SIGSEGV), si_code: 1 (SEGV_MAPERR), si_addr: 0x0000000000000000

Registers:
RAX=0x0000000128b61508, RBX=0x00000000000161b0, RCX=0x0000000000000010, RDX=0xfffffffffffffff0
RSP=0x000070000ee589e8, RBP=0x000070000ee58a90, RSI=0x0000000000000000, RDI=0x00007ffe309d0e00
R8 =0x0000000000000200, R9 =0x00007ffe3076b440, R10=0x00007ffe309c4a28, R11=0x0000000000003250
R12=0x0000000000000200, R13=0x00007ffe309d0e00, R14=0x00007ffe307681f0, R15=0x0000000000000800
RIP=0x0000000000000000, EFLAGS=0x0000000000010246, ERR=0x0000000000000014
  TRAPNO=0x000000000000000e

Top of Stack: (sp=0x000070000ee589e8)
0x000070000ee589e8:   0000000128b33639 000000010c142000
0x000070000ee589f8:   0000000000000001 00007ffe309d8fb0
0x000070000ee58a08:   000000012968e000 00007ffe309d6fb0
0x000070000ee58a18:   000002009df6150a 0000000000000000
0x000070000ee58a28:   0000000000000800 0000000000000200
0x000070000ee58a38:   00007ffe309d4fb0 00007ffe309d0e00
0x000070000ee58a48:   0000020000000000 0000000000000003
0x000070000ee58a58:   000000000000037f 08c340585a7500ca
0x000070000ee58a68:   00007ffe306615d0 0000000000000200
0x000070000ee58a78:   00007ffe3065b608 00007ffe307681f0
0x000070000ee58a88:   00007ffe3076b440 000070000ee58aa0
0x000070000ee58a98:   0000000128b432ef 000070000ee58b20
0x000070000ee58aa8:   0000000128b8a1f9 000000010c142000
0x000070000ee58ab8:   00007ffe30661648 00007ffe309c4800
0x000070000ee58ac8:   00007ffe309c49f8 00007ffe306615d0
0x000070000ee58ad8:   0000000000000001 000070000ee58c58
0x000070000ee58ae8:   000070000ee58c38 0000020000000000
0x000070000ee58af8:   000070000ee58c38 00007ffe309c4800
0x000070000ee58b08:   00007ffe3065b590 00007ffe3068a100
0x000070000ee58b18:   0000000000000200 000070000ee58b70
0x000070000ee58b28:   0000000128c97084 000070000ee58c10
0x000070000ee58b38:   000070000ee58c58 000000000ee58b60
0x000070000ee58b48:   0000000000000000 00007ffe309c4800
0x000070000ee58b58:   0000000000000000 0000000000000200
0x000070000ee58b68:   00007ffe3068a100 000070000ee58be0
0x000070000ee58b78:   0000000128c96d84 00007ffe3068a100
0x000070000ee58b88:   00007ffe3065b590 000070000ee58c38
0x000070000ee58b98:   00007ffe3068a100 00001fa000009617
0x000070000ee58ba8:   000070000ee58c58 00009fe000000000
0x000070000ee58bb8:   00007ffe309c4800 00007ffe3068a100
0x000070000ee58bc8:   00007ffe3068a140 0000000000000200
0x000070000ee58bd8:   0000000000000200 000070000ee58cd0 

Instructions: (pc=0x0000000000000000)
0xffffffffffffffe0:   

Register to memory mapping:

RAX=0x0000000128b61508: PlaybackBackend+0x20 in /var/folders/bn/k93dx67d2gxcq9dp7lvk90xh0000gn/T/libgdxdungle/f7649394/openal.dylib at 0x0000000128b18000
RBX=0x00000000000161b0 is an unknown value
RCX=0x0000000000000010 is an unknown value
RDX=0xfffffffffffffff0 is an unknown value
RSP=0x000070000ee589e8 is an unknown value
RBP=0x000070000ee58a90 is an unknown value
RSI=0x0000000000000000 is an unknown value
RDI=0x00007ffe309d0e00 is an unknown value
R8 =0x0000000000000200 is an unknown value
R9 =0x00007ffe3076b440 is an unknown value
R10=0x00007ffe309c4a28 is an unknown value
R11=0x0000000000003250 is an unknown value
R12=0x0000000000000200 is an unknown value
R13=0x00007ffe309d0e00 is an unknown value
R14=0x00007ffe307681f0 is an unknown value
R15=0x0000000000000800 is an unknown value


Stack: [0x000070000edd9000,0x000070000ee59000],  sp=0x000070000ee589e8,  free space=510k

---------------  P R O C E S S  ---------------

VM state:at safepoint (shutting down)

VM Mutex/Monitor currently owned by a thread:  ([mutex/lock_event])
[0x00007ffe30602670] Threads_lock - owner thread: 0x00007ffe3200b000

Heap:
 PSYoungGen      total 38400K, used 30741K [0x0000000795580000, 0x0000000798000000, 0x00000007c0000000)
  eden space 33280K, 92% used [0x0000000795580000,0x0000000797385468,0x0000000797600000)
  from space 5120K, 0% used [0x0000000797600000,0x0000000797600000,0x0000000797b00000)
  to   space 5120K, 0% used [0x0000000797b00000,0x0000000797b00000,0x0000000798000000)
 ParOldGen       total 87552K, used 3048K [0x0000000740000000, 0x0000000745580000, 0x0000000795580000)
  object space 87552K, 3% used [0x0000000740000000,0x00000007402fa208,0x0000000745580000)
 Metaspace       used 13164K, capacity 13419K, committed 13696K, reserved 1060864K
  class space    used 1280K, capacity 1380K, committed 1408K, reserved 1048576K

Card table byte_map: [0x000000010d8ac000,0x000000010dcad000] byte_map_base: 0x0000000109eac000

Marking Bits: (ParMarkBitMap*) 0x000000010d22c8f8
 Begin Bits: [0x000000011f5ce000, 0x00000001215ce000)
 End Bits:   [0x00000001215ce000, 0x00000001235ce000)

Polling page: 0x000000010c1e3000

CodeCache: size=245760Kb used=6103Kb max_used=6904Kb free=239657Kb
 bounds [0x00000001105ce000, 0x0000000110c9e000, 0x000000011f5ce000]
 total_blobs=2315 nmethods=1812 adapters=417
 compilation: enabled

Compilation events (10 events):
Event: 519.972 Thread 0x00007ffe308b8800 1957       1       java.lang.Thread::isDaemon (5 bytes)
Event: 519.972 Thread 0x00007ffe308b8800 nmethod 1957 0x00000001107e1a90 code [0x00000001107e1be0, 0x00000001107e1cf0]
Event: 519.992 Thread 0x00007ffe308b8800 1958       1       java.lang.Thread::getPriority (5 bytes)
Event: 519.993 Thread 0x00007ffe308b8800 nmethod 1958 0x000000011080c0d0 code [0x000000011080c220, 0x000000011080c330]
Event: 536.902 Thread 0x00007ffe308b8800 1959       3       java.lang.Thread::checkAccess (14 bytes)
Event: 536.903 Thread 0x00007ffe308b8800 nmethod 1959 0x0000000110802250 code [0x00000001108023c0, 0x0000000110802688]
Event: 721.626 Thread 0x00007ffe308b8800 1960       3       java.util.HashMap$HashIterator::<init> (79 bytes)
Event: 721.630 Thread 0x00007ffe308b8800 nmethod 1960 0x000000011089df50 code [0x000000011089e0c0, 0x000000011089e450]
Event: 784.114 Thread 0x00007ffe3201a800 1961       4       java.util.AbstractMap::<init> (5 bytes)
Event: 784.117 Thread 0x00007ffe3201a800 nmethod 1961 0x0000000110ad8810 code [0x0000000110ad8960, 0x0000000110ad89b8]

GC Heap History (8 events):
Event: 4.540 GC heap before
{Heap before GC invocations=1 (full 0):
 PSYoungGen      total 38400K, used 33280K [0x0000000795580000, 0x0000000798000000, 0x00000007c0000000)
  eden space 33280K, 100% used [0x0000000795580000,0x0000000797600000,0x0000000797600000)
  from space 5120K, 0% used [0x0000000797b00000,0x0000000797b00000,0x0000000798000000)
  to   space 5120K, 0% used [0x0000000797600000,0x0000000797600000,0x0000000797b00000)
 ParOldGen       total 87552K, used 0K [0x0000000740000000, 0x0000000745580000, 0x0000000795580000)
  object space 87552K, 0% used [0x0000000740000000,0x0000000740000000,0x0000000745580000)
 Metaspace       used 8973K, capacity 9099K, committed 9216K, reserved 1056768K
  class space    used 882K, capacity 956K, committed 1024K, reserved 1048576K
Event: 4.548 GC heap after
Heap after GC invocations=1 (full 0):
 PSYoungGen      total 38400K, used 3550K [0x0000000795580000, 0x0000000798000000, 0x00000007c0000000)
  eden space 33280K, 0% used [0x0000000795580000,0x0000000795580000,0x0000000797600000)
  from space 5120K, 69% used [0x0000000797600000,0x0000000797977998,0x0000000797b00000)
  to   space 5120K, 0% used [0x0000000797b00000,0x0000000797b00000,0x0000000798000000)
 ParOldGen       total 87552K, used 16K [0x0000000740000000, 0x0000000745580000, 0x0000000795580000)
  object space 87552K, 0% used [0x0000000740000000,0x0000000740004000,0x0000000745580000)
 Metaspace       used 8973K, capacity 9099K, committed 9216K, reserved 1056768K
  class space    used 882K, capacity 956K, committed 1024K, reserved 1048576K
}
Event: 5.794 GC heap before
{Heap before GC invocations=2 (full 0):
 PSYoungGen      total 38400K, used 36830K [0x0000000795580000, 0x0000000798000000, 0x00000007c0000000)
  eden space 33280K, 100% used [0x0000000795580000,0x0000000797600000,0x0000000797600000)
  from space 5120K, 69% used [0x0000000797600000,0x0000000797977998,0x0000000797b00000)
  to   space 5120K, 0% used [0x0000000797b00000,0x0000000797b00000,0x0000000798000000)
 ParOldGen       total 87552K, used 16K [0x0000000740000000, 0x0000000745580000, 0x0000000795580000)
  object space 87552K, 0% used [0x0000000740000000,0x0000000740004000,0x0000000745580000)
 Metaspace       used 9333K, capacity 9521K, committed 9728K, reserved 1058816K
  class space    used 916K, capacity 989K, committed 1024K, reserved 1048576K
Event: 5.801 GC heap after
Heap after GC invocations=2 (full 0):
 PSYoungGen      total 38400K, used 2272K [0x0000000795580000, 0x0000000798000000, 0x00000007c0000000)
  eden space 33280K, 0% used [0x0000000795580000,0x0000000795580000,0x0000000797600000)
  from space 5120K, 44% used [0x0000000797b00000,0x0000000797d38030,0x0000000798000000)
  to   space 5120K, 0% used [0x0000000797600000,0x0000000797600000,0x0000000797b00000)
 ParOldGen       total 87552K, used 24K [0x0000000740000000, 0x0000000745580000, 0x0000000795580000)
  object space 87552K, 0% used [0x0000000740000000,0x0000000740006000,0x0000000745580000)
 Metaspace       used 9333K, capacity 9521K, committed 9728K, reserved 1058816K
  class space    used 916K, capacity 989K, committed 1024K, reserved 1048576K
}
Event: 6.109 GC heap before
{Heap before GC invocations=3 (full 0):
 PSYoungGen      total 38400K, used 9788K [0x0000000795580000, 0x0000000798000000, 0x00000007c0000000)
  eden space 33280K, 22% used [0x0000000795580000,0x0000000795cd7088,0x0000000797600000)
  from space 5120K, 44% used [0x0000000797b00000,0x0000000797d38030,0x0000000798000000)
  to   space 5120K, 0% used [0x0000000797600000,0x0000000797600000,0x0000000797b00000)
 ParOldGen       total 87552K, used 24K [0x0000000740000000, 0x0000000745580000, 0x0000000795580000)
  object space 87552K, 0% used [0x0000000740000000,0x0000000740006000,0x0000000745580000)
 Metaspace       used 11589K, capacity 11793K, committed 12032K, reserved 1060864K
  class space    used 1145K, capacity 1213K, committed 1280K, reserved 1048576K
Event: 6.114 GC heap after
Heap after GC invocations=3 (full 0):
 PSYoungGen      total 38400K, used 3192K [0x0000000795580000, 0x0000000798000000, 0x00000007c0000000)
  eden space 33280K, 0% used [0x0000000795580000,0x0000000795580000,0x0000000797600000)
  from space 5120K, 62% used [0x0000000797600000,0x000000079791e350,0x0000000797b00000)
  to   space 5120K, 0% used [0x0000000797b00000,0x0000000797b00000,0x0000000798000000)
 ParOldGen       total 87552K, used 64K [0x0000000740000000, 0x0000000745580000, 0x0000000795580000)
  object space 87552K, 0% used [0x0000000740000000,0x0000000740010010,0x0000000745580000)
 Metaspace       used 11589K, capacity 11793K, committed 12032K, reserved 1060864K
  class space    used 1145K, capacity 1213K, committed 1280K, reserved 1048576K
}
Event: 6.114 GC heap before
{Heap before GC invocations=4 (full 1):
 PSYoungGen      total 38400K, used 3192K [0x0000000795580000, 0x0000000798000000, 0x00000007c0000000)
  eden space 33280K, 0% used [0x0000000795580000,0x0000000795580000,0x0000000797600000)
  from space 5120K, 62% used [0x0000000797600000,0x000000079791e350,0x0000000797b00000)
  to   space 5120K, 0% used [0x0000000797b00000,0x0000000797b00000,0x0000000798000000)
 ParOldGen       total 87552K, used 64K [0x0000000740000000, 0x0000000745580000, 0x0000000795580000)
  object space 87552K, 0% used [0x0000000740000000,0x0000000740010010,0x0000000745580000)
 Metaspace       used 11589K, capacity 11793K, committed 12032K, reserved 1060864K
  class space    used 1145K, capacity 1213K, committed 1280K, reserved 1048576K
Event: 6.142 GC heap after
Heap after GC invocations=4 (full 1):
 PSYoungGen      total 38400K, used 0K [0x0000000795580000, 0x0000000798000000, 0x00000007c0000000)
  eden space 33280K, 0% used [0x0000000795580000,0x0000000795580000,0x0000000797600000)
  from space 5120K, 0% used [0x0000000797600000,0x0000000797600000,0x0000000797b00000)
  to   space 5120K, 0% used [0x0000000797b00000,0x0000000797b00000,0x0000000798000000)
 ParOldGen       total 87552K, used 3048K [0x0000000740000000, 0x0000000745580000, 0x0000000795580000)
  object space 87552K, 3% used [0x0000000740000000,0x00000007402fa208,0x0000000745580000)
 Metaspace       used 11589K, capacity 11793K, committed 12032K, reserved 1060864K
  class space    used 1145K, capacity 1213K, committed 1280K, reserved 1048576K
}

Deoptimization events (10 events):
Event: 11.615 Thread 0x00007ffe31117800 Uncommon trap: reason=class_check action=maybe_recompile pc=0x0000000110a9fc10 method=com.badlogic.gdx.scenes.scene2d.ui.Widget.validate()V @ 89
Event: 11.668 Thread 0x00007ffe31117800 Uncommon trap: reason=unstable_if action=reinterpret pc=0x0000000110a9eff4 method=com.badlogic.gdx.utils.SnapshotArray.modified()V @ 4